  _                                                
 | | _____   ___  _ __  _ __ ___   __ _ _ __  ___  
 | |/ / _ \ / _ \| '_ \| '_ ` _ \ / _` | '_ \/ __| 
 |   < (_) | (_) | |_) | | | | | | (_| | | | \__ \ 
 |_|\_\___/ \___/| .__/|_| |_| |_|\__,_|_| |_|___/ 
                 |_|                               

 Koopmans spectral functional calculations with Quantum ESPRESSO

 Written by Edward Linscott, Riccardo De Gennaro, and Nicola Colonna

 using QE version qe-7.1, workflow manager v1.0.0b, and ASE version 943091745

 Please cite the papers listed in si.bib in work involving this calculation

  Initialization of density and variational orbitals
  ==================================================

   Wannierization
   ==============
    Running wannier/scf... done
    Running wannier/nscf... done
    Running wannier/occ/wann_preproc... done
    Running wannier/occ/pw2wan... done
    Running wannier/occ/wann... done
    Running wannier/emp/wann_preproc... done
    Running wannier/emp/pw2wan... done

...

   Screening parameters have been converged

  Final KI calculation
  ====================
   Running final/ki_final... done
  
  Postprocessing
  ===============
    Running occ/ki... done
    Running emp/ki... done

 Workflow complete
